<?xml version="1.0" encoding="UTF-8"?>
<!-- Generated by org.testng.reporters.JUnitReportReporter -->
<testsuite hostname="DESKTOP-HC1J7FO" failures="0" tests="1" name="com.crm.myriad.contactTest.CreateContactTest" time="15.093" errors="0" timestamp="2022-07-07T00:36:44 IST" skipped="0">
  <testcase classname="com.crm.myriad.contactTest.CreateContactTest" name="CreateContactTest" time="15.093"/>
  <system-out/>
</testsuite> <!-- com.crm.myriad.contactTest.CreateContactTest -->
