<?xml version="1.0" encoding="UTF-8"?>
<!-- Generated by org.testng.reporters.JUnitReportReporter -->
<testsuite hostname="DESKTOP-HC1J7FO" failures="0" tests="3" name="sampleTestNG.Btwo" time="0.007" errors="0" timestamp="2022-07-08T16:00:28 IST" skipped="0">
  <testcase classname="sampleTestNG.Btwo" name="yContactTest" time="0.001"/>
  <system-out/>
  <testcase classname="sampleTestNG.Btwo" name="zContactTest" time="0.000"/>
  <system-out/>
  <testcase classname="sampleTestNG.Btwo" name="xContactTest" time="0.006"/>
  <system-out/>
</testsuite> <!-- sampleTestNG.Btwo -->
