<?xml version="1.0" encoding="UTF-8"?>
<!-- Generated by org.testng.reporters.JUnitReportReporter -->
<testsuite skipped="0" hostname="DESKTOP-HC1J7FO" name="com.crm.myriad.organizationTest.OrganizationTest" tests="1" failures="0" timestamp="2022-07-14T20:49:04 IST" time="17.090" errors="0">
  <testcase name="CreateOrganizationTest" time="17.090" classname="com.crm.myriad.organizationTest.OrganizationTest"/>
  <system-out/>
</testsuite> <!-- com.crm.myriad.organizationTest.OrganizationTest -->
