<?xml version="1.0" encoding="UTF-8"?>
<!-- Generated by org.testng.reporters.JUnitReportReporter -->
<testsuite skipped="0" hostname="DESKTOP-HC1J7FO" name="com.crm.myriad.campaignTest.CampaignTest" tests="2" failures="0" timestamp="2022-07-14T20:49:04 IST" time="47.620" errors="0">
  <testcase name="CreateCampaignWithProductTest" time="31.357" classname="com.crm.myriad.campaignTest.CampaignTest"/>
  <system-out/>
  <testcase name="CreateCampaignTest" time="16.263" classname="com.crm.myriad.campaignTest.CampaignTest"/>
  <system-out/>
</testsuite> <!-- com.crm.myriad.campaignTest.CampaignTest -->
