<?xml version="1.0" encoding="UTF-8"?>
<!-- Generated by org.testng.reporters.JUnitReportReporter -->
<testsuite hostname="DESKTOP-HC1J7FO" failures="0" tests="3" name="practice.BookTicketWithDataProviderTest" time="0.007" errors="0" timestamp="2022-07-07T13:15:58 IST" skipped="0">
  <testcase classname="practice.BookTicketWithDataProviderTest" name="bookTicketWith2D" time="0.001"/>
  <system-out/>
  <testcase classname="practice.BookTicketWithDataProviderTest" name="bookTicketWith2D" time="0.001"/>
  <system-out/>
  <testcase classname="practice.BookTicketWithDataProviderTest" name="bookTicketWith2D" time="0.005"/>
  <system-out/>
</testsuite> <!-- practice.BookTicketWithDataProviderTest -->
