<?xml version="1.0" encoding="UTF-8"?>
<!-- Generated by org.testng.reporters.JUnitReportReporter -->
<testsuite skipped="0" hostname="DESKTOP-HC1J7FO" name="com.crm.myriad.contactTest.ContactTest" tests="2" failures="0" timestamp="2022-07-14T20:49:04 IST" time="43.010" errors="0">
  <testcase name="CreateContactTest" time="20.790" classname="com.crm.myriad.contactTest.ContactTest"/>
  <system-out/>
  <testcase name="CreateAndDeleteContactTest" time="22.220" classname="com.crm.myriad.contactTest.ContactTest"/>
  <system-out/>
</testsuite> <!-- com.crm.myriad.contactTest.ContactTest -->
