<?xml version="1.0" encoding="UTF-8"?>
<!-- Generated by org.testng.reporters.JUnitReportReporter -->
<testsuite hostname="DESKTOP-HC1J7FO" failures="0" tests="1" name="com.crm.myriad.campaignTest.CreateCampaignWithProductTest" time="23.827" errors="0" timestamp="2022-07-07T01:00:56 IST" skipped="0">
  <testcase classname="com.crm.myriad.campaignTest.CreateCampaignWithProductTest" name="CreateCampaignWithProductTest" time="23.827"/>
  <system-out/>
</testsuite> <!-- com.crm.myriad.campaignTest.CreateCampaignWithProductTest -->
