<?xml version="1.0" encoding="UTF-8"?>
<!-- Generated by org.testng.reporters.JUnitReportReporter -->
<testsuite hostname="DESKTOP-HC1J7FO" failures="0" tests="2" name="sampleTestNG.OrganizationTest" time="0.000" errors="0" timestamp="2022-07-08T15:33:23 IST" skipped="0">
  <testcase classname="sampleTestNG.OrganizationTest" name="createOrganizationTest" time="0.000"/>
  <system-out/>
  <testcase classname="sampleTestNG.OrganizationTest" name="editOrganizationTest" time="0.000"/>
  <system-out/>
</testsuite> <!-- sampleTestNG.OrganizationTest -->
