<?xml version="1.0" encoding="UTF-8"?>
<!-- Generated by org.testng.reporters.JUnitReportReporter -->
<testsuite hostname="DESKTOP-HC1J7FO" failures="0" tests="1" name="com.crm.myriad.campaignTest.CreateCampaignTest" time="15.438" errors="0" timestamp="2022-07-07T01:01:39 IST" skipped="0">
  <testcase classname="com.crm.myriad.campaignTest.CreateCampaignTest" name="CreateCampaignTest" time="15.438"/>
  <system-out/>
</testsuite> <!-- com.crm.myriad.campaignTest.CreateCampaignTest -->
