<?xml version="1.0" encoding="UTF-8"?>
<!-- Generated by org.testng.reporters.JUnitReportReporter -->
<testsuite hostname="DESKTOP-HC1J7FO" failures="0" tests="2" name="practice.UsingDP_FetchDataFromExcelTest" time="0.006" errors="0" timestamp="2022-07-05T14:57:36 IST" skipped="0">
  <testcase classname="practice.UsingDP_FetchDataFromExcelTest" name="UsingDP_FetchDataFromExcel" time="0.001"/>
  <system-out/>
  <testcase classname="practice.UsingDP_FetchDataFromExcelTest" name="UsingDP_FetchDataFromExcel" time="0.005"/>
  <system-out/>
</testsuite> <!-- practice.UsingDP_FetchDataFromExcelTest -->
