<?xml version="1.0" encoding="UTF-8"?>
<!-- Generated by org.testng.reporters.JUnitReportReporter -->
<testsuite hostname="DESKTOP-HC1J7FO" failures="0" tests="4" name="sampleTestNG.ContactTest" time="0.010" errors="0" timestamp="2022-07-08T15:33:23 IST" skipped="0">
  <testcase classname="sampleTestNG.ContactTest" name="bditContactTest" time="0.001"/>
  <system-out/>
  <testcase classname="sampleTestNG.ContactTest" name="dditContactTest" time="0.001"/>
  <system-out/>
  <testcase classname="sampleTestNG.ContactTest" name="aditContactTest" time="0.007"/>
  <system-out/>
  <testcase classname="sampleTestNG.ContactTest" name="createContactTest" time="0.001"/>
  <system-out/>
</testsuite> <!-- sampleTestNG.ContactTest -->
