<?xml version="1.0" encoding="UTF-8"?>
<!-- Generated by org.testng.reporters.JUnitReportReporter -->
<testsuite hostname="DESKTOP-HC1J7FO" failures="0" tests="2" name="practice.SampleTestWithDataProviderTest" time="0.007" errors="0" timestamp="2022-07-05T13:03:49 IST" skipped="0">
  <testcase classname="practice.SampleTestWithDataProviderTest" name="sampleTestWith3D" time="0.002"/>
  <system-out/>
  <testcase classname="practice.SampleTestWithDataProviderTest" name="sampleTestWith3D" time="0.005"/>
  <system-out/>
</testsuite> <!-- practice.SampleTestWithDataProviderTest -->
