<?xml version="1.0" encoding="UTF-8"?>
<!-- Generated by org.testng.reporters.JUnitReportReporter -->
<testsuite hostname="DESKTOP-HC1J7FO" failures="0" tests="3" name="sampleTestNG.Aone" time="0.002" errors="0" timestamp="2022-07-08T16:00:28 IST" skipped="0">
  <testcase classname="sampleTestNG.Aone" name="bContactTest" time="0.000"/>
  <system-out/>
  <testcase classname="sampleTestNG.Aone" name="aContactTest" time="0.001"/>
  <system-out/>
  <testcase classname="sampleTestNG.Aone" name="cContactTest" time="0.001"/>
  <system-out/>
</testsuite> <!-- sampleTestNG.Aone -->
